[debug] [2023-01-26T05:36:28.071Z] ----------------------------------------------------------------------
[debug] [2023-01-26T05:36:28.076Z] Command:       C:\Program Files\nodejs\node.exe C:\Users\acer\AppData\Roaming\npm\node_modules\firebase-tools\lib\bin\firebase.js init
[debug] [2023-01-26T05:36:28.078Z] CLI Version:   11.17.0
[debug] [2023-01-26T05:36:28.078Z] Platform:      win32
[debug] [2023-01-26T05:36:28.078Z] Node Version:  v16.15.1
[debug] [2023-01-26T05:36:28.081Z] Time:          Thu Jan 26 2023 11:36:28 GMT+0600 (Bangladesh Standard Time)
[debug] [2023-01-26T05:36:28.082Z] ----------------------------------------------------------------------
[debug] 
[debug] [2023-01-26T05:36:28.092Z] >>> [apiv2][query] GET https://firebase-public.firebaseio.com/cli.json [none]
[debug] [2023-01-26T05:36:28.369Z] > command requires scopes: ["email","openid","https://www.googleapis.com/auth/cloudplatformprojects.readonly","https://www.googleapis.com/auth/firebase","https://www.googleapis.com/auth/cloud-platform"]
[debug] [2023-01-26T05:36:28.370Z] > authorizing via signed-in user (c201054@ugrad.iiuc.ac.bd)
[info] 
     ######## #### ########  ######## ########     ###     ######  ########
     ##        ##  ##     ## ##       ##     ##  ##   ##  ##       ##
     ######    ##  ########  ######   ########  #########  ######  ######
     ##        ##  ##    ##  ##       ##     ## ##     ##       ## ##
     ##       #### ##     ## ######## ########  ##     ##  ######  ########

You're about to initialize a Firebase project in this directory:

  G:\programming_hero\Classwork\Milestone 11\Module 68\ema-john-simple-client

Before we get started, keep in mind:

  * You are initializing within an existing Firebase project directory

[debug] [2023-01-26T05:36:29.590Z] <<< [apiv2][status] GET https://firebase-public.firebaseio.com/cli.json 200
[debug] [2023-01-26T05:36:29.591Z] <<< [apiv2][body] GET https://firebase-public.firebaseio.com/cli.json {"cloudBuildErrorAfter":1594252800000,"cloudBuildWarnAfter":1590019200000,"defaultNode10After":1594252800000,"minVersion":"3.0.5","node8DeploysDisabledAfter":1613390400000,"node8RuntimeDisabledAfter":1615809600000,"node8WarnAfter":1600128000000}
[info] 
=== Project Setup
[info] 
[info] First, let's associate this project directory with a Firebase project.
[info] You can create multiple project aliases by running firebase use --add, 
[info] but for now we'll just set up a default project.
[info] 
[debug] [2023-01-26T05:37:05.536Z] Using project from CLI flag: ema-john-simple-a7a92
[debug] [2023-01-26T05:37:05.538Z] > refreshing access token with scopes: []
[debug] [2023-01-26T05:37:05.540Z] >>> [apiv2][query] POST https://www.googleapis.com/oauth2/v3/token [none]
[debug] [2023-01-26T05:37:05.540Z] >>> [apiv2][body] POST https://www.googleapis.com/oauth2/v3/token [omitted]
[debug] [2023-01-26T05:37:05.943Z] <<< [apiv2][status] POST https://www.googleapis.com/oauth2/v3/token 200
[debug] [2023-01-26T05:37:05.943Z] <<< [apiv2][body] POST https://www.googleapis.com/oauth2/v3/token [omitted]
[debug] [2023-01-26T05:37:05.957Z] >>> [apiv2][query] GET https://firebase.googleapis.com/v1beta1/projects/ema-john-simple-a7a92 [none]
[debug] [2023-01-26T05:37:07.011Z] <<< [apiv2][status] GET https://firebase.googleapis.com/v1beta1/projects/ema-john-simple-a7a92 403
[debug] [2023-01-26T05:37:07.011Z] <<< [apiv2][body] GET https://firebase.googleapis.com/v1beta1/projects/ema-john-simple-a7a92 {"error":{"code":403,"message":"The caller does not have permission","status":"PERMISSION_DENIED"}}
[debug] [2023-01-26T05:37:07.012Z] HTTP Error: 403, The caller does not have permission
[debug] [2023-01-26T05:37:07.738Z] FirebaseError: HTTP Error: 403, The caller does not have permission
    at responseToError (C:\Users\acer\AppData\Roaming\npm\node_modules\firebase-tools\lib\responseToError.js:49:12)
    at RetryOperation._fn (C:\Users\acer\AppData\Roaming\npm\node_modules\firebase-tools\lib\apiv2.js:288:77)
    at processTicksAndRejections (node:internal/process/task_queues:96:5)
[error] 
[error] Error: Failed to get Firebase project ema-john-simple-a7a92. Please make sure the project exists and your account has permission to access it.
[debug] [2023-01-26T05:37:39.072Z] ----------------------------------------------------------------------
[debug] [2023-01-26T05:37:39.076Z] Command:       C:\Program Files\nodejs\node.exe C:\Users\acer\AppData\Roaming\npm\node_modules\firebase-tools\lib\bin\firebase.js init
[debug] [2023-01-26T05:37:39.077Z] CLI Version:   11.17.0
[debug] [2023-01-26T05:37:39.077Z] Platform:      win32
[debug] [2023-01-26T05:37:39.077Z] Node Version:  v16.15.1
[debug] [2023-01-26T05:37:39.079Z] Time:          Thu Jan 26 2023 11:37:39 GMT+0600 (Bangladesh Standard Time)
[debug] [2023-01-26T05:37:39.079Z] ----------------------------------------------------------------------
[debug] 
[debug] [2023-01-26T05:37:39.270Z] > command requires scopes: ["email","openid","https://www.googleapis.com/auth/cloudplatformprojects.readonly","https://www.googleapis.com/auth/firebase","https://www.googleapis.com/auth/cloud-platform"]
[debug] [2023-01-26T05:37:39.271Z] > authorizing via signed-in user (c201054@ugrad.iiuc.ac.bd)
[info] 
     ######## #### ########  ######## ########     ###     ######  ########
     ##        ##  ##     ## ##       ##     ##  ##   ##  ##       ##
     ######    ##  ########  ######   ########  #########  ######  ######
     ##        ##  ##    ##  ##       ##     ## ##     ##       ## ##
     ##       #### ##     ## ######## ########  ##     ##  ######  ########

You're about to initialize a Firebase project in this directory:

  G:\programming_hero\Classwork\Milestone 11\Module 68\ema-john-simple-client

Before we get started, keep in mind:

  * You are initializing within an existing Firebase project directory

[info] 
=== Project Setup
[info] 
[info] First, let's associate this project directory with a Firebase project.
[info] You can create multiple project aliases by running firebase use --add, 
[info] but for now we'll just set up a default project.
[info] 
[debug] [2023-01-26T05:38:18.246Z] Using project from CLI flag: ema-john-simple-a7a92
[debug] [2023-01-26T05:38:18.252Z] >>> [apiv2][query] GET https://firebase.googleapis.com/v1beta1/projects/ema-john-simple-a7a92 [none]
[debug] [2023-01-26T05:38:19.424Z] <<< [apiv2][status] GET https://firebase.googleapis.com/v1beta1/projects/ema-john-simple-a7a92 403
[debug] [2023-01-26T05:38:19.424Z] <<< [apiv2][body] GET https://firebase.googleapis.com/v1beta1/projects/ema-john-simple-a7a92 {"error":{"code":403,"message":"The caller does not have permission","status":"PERMISSION_DENIED"}}
[debug] [2023-01-26T05:38:19.425Z] HTTP Error: 403, The caller does not have permission
[debug] [2023-01-26T05:38:20.071Z] FirebaseError: HTTP Error: 403, The caller does not have permission
    at responseToError (C:\Users\acer\AppData\Roaming\npm\node_modules\firebase-tools\lib\responseToError.js:49:12)
    at RetryOperation._fn (C:\Users\acer\AppData\Roaming\npm\node_modules\firebase-tools\lib\apiv2.js:288:77)
    at processTicksAndRejections (node:internal/process/task_queues:96:5)
[error] 
[error] Error: Failed to get Firebase project ema-john-simple-a7a92. Please make sure the project exists and your account has permission to access it.
